\BOOKMARK [0][-]{chapter.1}{Einleitung}{}% 1
\BOOKMARK [1][-]{section.1.1}{Motivation}{chapter.1}% 2
\BOOKMARK [1][-]{section.1.2}{Zielstellung}{chapter.1}% 3
\BOOKMARK [1][-]{section.1.3}{Aufbau der Arbeit}{chapter.1}% 4
\BOOKMARK [0][-]{chapter.2}{Prozessmodelle}{}% 5
\BOOKMARK [1][-]{section.2.1}{Software Engineering}{chapter.2}% 6
\BOOKMARK [2][-]{subsection.2.1.1}{Ziele, Prozess und Prinzipien des Software Engineering}{section.2.1}% 7
\BOOKMARK [1][-]{section.2.2}{Softwareprozessmodelle}{chapter.2}% 8
\BOOKMARK [2][-]{subsection.2.2.1}{Software-Projekttypen}{section.2.2}% 9
\BOOKMARK [2][-]{subsection.2.2.2}{Schwergewichtige und Leichtgewichtige Prozessmodelle}{section.2.2}% 10
\BOOKMARK [0][-]{chapter.3}{Modellierung}{}% 11
\BOOKMARK [1][-]{section.3.1}{Prozessmodellierung}{chapter.3}% 12
\BOOKMARK [2][-]{subsection.3.1.1}{Ziele der Prozessmodellierung}{section.3.1}% 13
\BOOKMARK [2][-]{subsection.3.1.2}{Grunds\344tze ordnungsgem\344\337er Modellierung}{section.3.1}% 14
\BOOKMARK [1][-]{section.3.2}{Prozessmodellierungssprachen}{chapter.3}% 15
\BOOKMARK [2][-]{subsection.3.2.1}{Imperative Modellierung}{section.3.2}% 16
\BOOKMARK [2][-]{subsection.3.2.2}{Deklarative Modellierung}{section.3.2}% 17
\BOOKMARK [1][-]{section.3.3}{Modellierungswerkzeuge}{chapter.3}% 18
\BOOKMARK [2][-]{subsection.3.3.1}{Signavio}{section.3.3}% 19
\BOOKMARK [2][-]{subsection.3.3.2}{Declare}{section.3.3}% 20
\BOOKMARK [0][-]{chapter.4}{Anforderungserhebung}{}% 21
\BOOKMARK [1][-]{section.4.1}{Vergleichskriterien}{chapter.4}% 22
\BOOKMARK [2][-]{subsection.4.1.1}{Erf\374llung der Modellierungsgrunds\344tze}{section.4.1}% 23
\BOOKMARK [0][-]{chapter.5}{Imperative und deklarative Modellierung f\374r Softwareentwicklungsprozesse}{}% 24
\BOOKMARK [1][-]{section.5.1}{Scrum}{chapter.5}% 25
\BOOKMARK [2][-]{subsection.5.1.1}{Analyse Scrum}{section.5.1}% 26
\BOOKMARK [2][-]{subsection.5.1.2}{Imperative Modellierung Scrum}{section.5.1}% 27
\BOOKMARK [2][-]{subsection.5.1.3}{Deklarative Modellierung Scrum}{section.5.1}% 28
\BOOKMARK [2][-]{subsection.5.1.4}{Vergleich}{section.5.1}% 29
\BOOKMARK [1][-]{section.5.2}{Open Unified Process \(Open UP\)}{chapter.5}% 30
\BOOKMARK [2][-]{subsection.5.2.1}{Analyse Open UP}{section.5.2}% 31
\BOOKMARK [2][-]{subsection.5.2.2}{Imperative Modellierung Open UP}{section.5.2}% 32
\BOOKMARK [2][-]{subsection.5.2.3}{Deklarative Modellierung Open UP}{section.5.2}% 33
\BOOKMARK [2][-]{subsection.5.2.4}{Vergleich}{section.5.2}% 34
\BOOKMARK [1][-]{section.5.3}{V-Modell XT}{chapter.5}% 35
\BOOKMARK [2][-]{subsection.5.3.1}{Analyse V-Modell XT}{section.5.3}% 36
\BOOKMARK [2][-]{subsection.5.3.2}{Imperative Modellierung V-Modell}{section.5.3}% 37
\BOOKMARK [2][-]{subsection.5.3.3}{Deklarative Modellierung V-Modell}{section.5.3}% 38
\BOOKMARK [2][-]{subsection.5.3.4}{Vergleich}{section.5.3}% 39
\BOOKMARK [1][-]{section.5.4}{Vergleich insgesamt}{chapter.5}% 40
\BOOKMARK [0][-]{chapter.6}{Validierung}{}% 41
\BOOKMARK [1][-]{section.6.1}{Forschungsfragen}{chapter.6}% 42
\BOOKMARK [1][-]{section.6.2}{Design der Studie}{chapter.6}% 43
\BOOKMARK [2][-]{subsection.6.2.1}{Verst\344ndnisfragen}{section.6.2}% 44
\BOOKMARK [2][-]{subsection.6.2.2}{Umfragewerkzeug und Durchf\374hrung}{section.6.2}% 45
\BOOKMARK [2][-]{subsection.6.2.3}{Auswertung}{section.6.2}% 46
\BOOKMARK [1][-]{section.6.3}{Durchf\374hrung der Studie}{chapter.6}% 47
\BOOKMARK [2][-]{subsection.6.3.1}{Teilnehmer}{section.6.3}% 48
\BOOKMARK [2][-]{subsection.6.3.2}{Ergebnisse Verst\344ndnisfragen}{section.6.3}% 49
\BOOKMARK [2][-]{subsection.6.3.3}{Ergebnisse Meinungsfragen}{section.6.3}% 50
\BOOKMARK [1][-]{section.6.4}{Fazit der Studie}{chapter.6}% 51
\BOOKMARK [1][-]{section.6.5}{Grenzen der Studie}{chapter.6}% 52
\BOOKMARK [0][-]{chapter.7}{Verwandte Arbeiten}{}% 53
\BOOKMARK [1][-]{section.7.1}{Modellierung von Softwareentwicklungsprozessen}{chapter.7}% 54
\BOOKMARK [1][-]{section.7.2}{Verst\344ndlichkeit von Prozessmodellierungssprachen}{chapter.7}% 55
\BOOKMARK [1][-]{section.7.3}{Vergleich von Prozessmodellierungssprachen}{chapter.7}% 56
\BOOKMARK [0][-]{chapter.8}{Zusammenfassung und Ausblick}{}% 57
\BOOKMARK [1][-]{section.8.1}{Zusammenfassung}{chapter.8}% 58
\BOOKMARK [1][-]{section.8.2}{Fazit}{chapter.8}% 59
\BOOKMARK [1][-]{section.8.3}{Ausblick}{chapter.8}% 60
\BOOKMARK [0][-]{appendix.A}{BPMN Notation}{}% 61
\BOOKMARK [0][-]{appendix.B}{ConDec Notation}{}% 62
